<?xml version="1.0" encoding="UTF-8"?>
<!-- Generated by org.testng.reporters.JUnitReportReporter -->
<testsuite skipped="0" hostname="LAPTOP-SK2I11LG" name="com.AAflightBooking.TestCases.HomePageTest" tests="1" failures="0" timestamp="12 Jun 2022 21:03:58 GMT" time="14.943" errors="0">
  <testcase name="validUserShouldAbleToEnterLoginPageTest" time="14.943" classname="com.AAflightBooking.TestCases.HomePageTest"/>
</testsuite> <!-- com.AAflightBooking.TestCases.HomePageTest -->
