<?xml version="1.0" encoding="UTF-8"?>
<!-- Generated by org.testng.reporters.JUnitReportReporter -->
<testsuite skipped="0" hostname="LAPTOP-SK2I11LG" name="com.AAflightBooking.TestCases.LoginTest" tests="1" failures="0" timestamp="11 Jun 2022 21:59:25 GMT" time="2.117" errors="0">
  <testcase name="clickLoginButton" time="2.117" classname="com.AAflightBooking.TestCases.LoginTest"/>
</testsuite> <!-- com.AAflightBooking.TestCases.LoginTest -->
