<?xml version="1.0" encoding="UTF-8"?>
<!-- Generated by org.testng.reporters.JUnitReportReporter -->
<testsuite skipped="0" hostname="LAPTOP-SK2I11LG" name="com.AAflightBooking.TestCases.LoginPageTest" tests="1" failures="0" timestamp="13 Jun 2022 21:16:06 GMT" time="53.807" errors="0">
  <testcase name="validUserShouldLoginUsingValidCredentialsTest" time="53.807" classname="com.AAflightBooking.TestCases.LoginPageTest"/>
</testsuite> <!-- com.AAflightBooking.TestCases.LoginPageTest -->
