<?xml version="1.0" encoding="UTF-8"?>
<!-- Generated by org.testng.reporters.JUnitReportReporter -->
<testsuite skipped="0" hostname="LAPTOP-SK2I11LG" name="com.AAflightBooking.TestCases.HomeTest" tests="1" failures="0" timestamp="11 Jun 2022 22:07:02 GMT" time="2.321" errors="0">
  <testcase name="clickLoginButton" time="2.321" classname="com.AAflightBooking.TestCases.HomeTest"/>
</testsuite> <!-- com.AAflightBooking.TestCases.HomeTest -->
